<?xml version="1.0" encoding="UTF-8"?>
<!-- Generated by org.testng.reporters.JUnitXMLReporter -->
<testsuite ignored="0" hostname="PRO-IND-895" failures="0" tests="2" name="Parallel Sample Tests" time="6.659" errors="0" timestamp="2024-10-29T12:25:52 IST">
  <testcase classname="base.BaseTest" name="@BeforeMethod setUp" time="5.979">
    <failure type="com.microsoft.playwright.PlaywrightException" message="Cannot find command to respond: 2">
      <![CDATA[com.microsoft.playwright.PlaywrightException: Cannot find command to respond: 2
at com.microsoft.playwright.impl.Connection.dispatch(Connection.java:214)
at com.microsoft.playwright.impl.Connection.processOneMessage(Connection.java:206)
at com.microsoft.playwright.impl.ChannelOwner.runUntil(ChannelOwner.java:109)
at com.microsoft.playwright.impl.Connection.sendMessage(Connection.java:126)
at com.microsoft.playwright.impl.ChannelOwner.sendMessage(ChannelOwner.java:102)
at com.microsoft.playwright.impl.BrowserTypeImpl.launchImpl(BrowserTypeImpl.java:52)
at com.microsoft.playwright.impl.BrowserTypeImpl.lambda$launch$0(BrowserTypeImpl.java:44)
at com.microsoft.playwright.impl.LoggingSupport.withLogging(LoggingSupport.java:47)
at com.microsoft.playwright.impl.ChannelOwner.withLogging(ChannelOwner.java:87)
at com.microsoft.playwright.impl.BrowserTypeImpl.launch(BrowserTypeImpl.java:44)
at com.microsoft.playwright.impl.BrowserTypeImpl.launch(BrowserTypeImpl.java:35)
at base.BaseTest.setUp(BaseTest.java:18)
at java.base/java.util.concurrent.ThreadPoolExecutor.runWorker(ThreadPoolExecutor.java:1136)
at java.base/java.util.concurrent.ThreadPoolExecutor$Worker.run(ThreadPoolExecutor.java:635)
at java.base/java.lang.Thread.run(Thread.java:833)
... Removed 16 stack frames]]>
    </failure>
  </testcase> <!-- @BeforeMethod setUp -->
  <testcase classname="base.BaseTest" name="@AfterMethod tearDown" time="0.0">
    <skipped/>
  </testcase> <!-- @AfterMethod tearDown -->
  <testcase classname="base.BaseTest" name="@AfterMethod tearDown" time="0.0">
    <skipped/>
  </testcase> <!-- @AfterMethod tearDown -->
  <testcase classname="steps.SampleTest" name="testBingSearch" time="0.001">
    <skipped/>
  </testcase> <!-- testBingSearch -->
  <testcase classname="steps.SampleTest" name="testGoogleSearch" time="0.0">
    <skipped/>
  </testcase> <!-- testGoogleSearch -->
</testsuite> <!-- Parallel Sample Tests -->
